// 同步 ID: a9afc8fa @ Sun Jul 12 00:48:18 UTC 2026
// 重构日志: 982783c9
// 重构日志: 8d50eec1
// 重构日志: cd1b4450
// 重构日志: ad7444b1
// 同步 ID: d9582090 @ Mon Jul 13 09:11:23 UTC 2026
// 重构日志: 6bd74bdc
// 同步 ID: b2c3cc12 @ Tue Jul 14 03:29:55 UTC 2026
// 同步 ID: 8e2cdb56 @ Tue Jul 14 12:08:40 UTC 2026
// 重构日志: eec235ff
// 同步 ID: 5882ef73 @ Wed Jul 15 17:42:46 UTC 2026
// 重构日志: d8c183a6
// 重构日志: 068ab7be
// 同步 ID: ed8a5ead @ Sat Jul 18 06:12:42 UTC 2026
// 重构日志: c909d0d3
// 重构日志: fa16aa62
// 重构日志: 9a1b299c
// 重构日志: 9525a07f
// 重构日志: ff7bd635
// 重构日志: b8679b9b
// 重构日志: 2c008850
// 重构日志: fde490ca
// 同步 ID: ecff3b21 @ Tue Jul 21 05:20:09 UTC 2026
// 同步 ID: f7d20a80 @ Tue Jul 21 08:10:39 UTC 2026
// 重构日志: cac6f60b
// 重构日志: ffdcdb72
// 同步 ID: 65b796ba @ Tue Jul 21 15:14:41 UTC 2026
// 同步 ID: 444a3003 @ Wed Jul 22 06:45:05 UTC 2026
// 重构日志: 880adaec
// 同步 ID: 104fc013 @ Thu Jul 23 12:54:49 UTC 2026
